<?xml version="1.0" encoding="UTF-8"?>
<!-- Generated by org.testng.reporters.JUnitXMLReporter -->
<testsuite hostname="DESKTOP-O391UBK" ignored="0" name="Test" tests="3" failures="1" timestamp="21 Oct 2021 14:49:14 GMT" time="6.612" errors="0">
  <testcase name="testFailed" time="0.014" classname="testclasses.TestClassUsingListeners">
    <failure type="java.lang.AssertionError" message="Executing Failed Test Method">
      <![CDATA[java.lang.AssertionError: Executing Failed Test Method
at testclasses.TestClassUsingListeners.testFailed(TestClassUsingListeners.java:45)
... Removed 26 stack frames]]>
    </failure>
  </testcase> <!-- testFailed -->
  <testcase name="testSkipped" time="0.004" classname="testclasses.TestClassUsingListeners">
    <skipped/>
  </testcase> <!-- testSkipped -->
  <testcase name="testSuccessfull" time="0.005" classname="testclasses.TestClassUsingListeners"/>
</testsuite> <!-- Test -->
